<?xml version="1.0" encoding="UTF-8"?>
<!-- Generated by org.testng.reporters.JUnitXMLReporter -->
<testsuite ignored="0" hostname="DESKTOP-56J5GQU" failures="0" tests="3" name="Firefox Test" time="0.027" errors="0" timestamp="2023-03-10T22:12:41 IST">
  <testcase classname="CrossBrowserTesting.NewTest" name="@BeforeClass Driverproperty" time="0.001">
    <failure type="java.lang.NoClassDefFoundError" message="org/apache/hc/core5/http/ClassicHttpRequest">
      <![CDATA[java.lang.NoClassDefFoundError: org/apache/hc/core5/http/ClassicHttpRequest
at CrossBrowserTesting.NewTest.Driverproperty(NewTest.java:70)
at java.base/java.util.ArrayList.forEach(ArrayList.java:1511)
Caused by: java.lang.ClassNotFoundException: org.apache.hc.core5.http.ClassicHttpRequest
at java.base/jdk.internal.loader.BuiltinClassLoader.loadClass(BuiltinClassLoader.java:641)
at java.base/jdk.internal.loader.ClassLoaders$AppClassLoader.loadClass(ClassLoaders.java:188)
at java.base/java.lang.ClassLoader.loadClass(ClassLoader.java:520)
... 27 more
... Removed 25 stack frames]]>
    </failure>
  </testcase> <!-- @BeforeClass Driverproperty -->
  <testcase classname="CrossBrowserTesting.NewTest" name="@AfterClass Driverclose" time="0.0">
    <failure type="java.lang.NullPointerException" message="Cannot invoke &amp;quot;org.openqa.selenium.WebDriver.close()&amp;quot; because &amp;quot;this.driver&amp;quot; is null">
      <![CDATA[java.lang.NullPointerException: Cannot invoke "org.openqa.selenium.WebDriver.close()" because "this.driver" is null
at CrossBrowserTesting.NewTest.Driverclose(NewTest.java:90)
at java.base/java.util.ArrayList.forEach(ArrayList.java:1511)
... Removed 25 stack frames]]>
    </failure>
  </testcase> <!-- @AfterClass Driverclose -->
  <testcase classname="CrossBrowserTesting.NewTest" name="Testcases" time="0.0">
    <skipped/>
  </testcase> <!-- Testcases -->
  <testcase classname="CrossBrowserTesting.NewTest" name="Testcases1" time="0.0">
    <skipped/>
  </testcase> <!-- Testcases1 -->
  <testcase classname="CrossBrowserTesting.NewTest" name="Testcases3" time="0.0">
    <skipped/>
  </testcase> <!-- Testcases3 -->
</testsuite> <!-- Firefox Test -->
